<?xml version="1.0" encoding="UTF-8"?>
<testng-results skipped="0" failed="0" ignored="0" total="1" passed="1">
  <reporter-output>
    <line>
      <![CDATA[hiii........]]>
    </line>
  </reporter-output>
  <suite name="Suite" duration-ms="53" started-at="2019-11-28T07:52:27 IST" finished-at="2019-11-28T07:52:27 IST">
    <groups>
    </groups>
    <test name="Test" duration-ms="53" started-at="2019-11-28T07:52:27 IST" finished-at="2019-11-28T07:52:27 IST">
      <class name="qsp.DemoA">
        <test-method status="PASS" signature="testA()[pri:0, instance:qsp.DemoA@2b9627bc]" name="testA" duration-ms="11" started-at="2019-11-28T07:52:27 IST" finished-at="2019-11-28T07:52:27 IST">
          <reporter-output>
            <line>
              <![CDATA[hiii........]]>
            </line>
          </reporter-output>
        </test-method> <!-- testA -->
      </class> <!-- qsp.DemoA -->
    </test> <!-- Test -->
  </suite> <!-- Suite -->
</testng-results>
